3:47:04 PM - [Bot] Starting in Developer Mode...

3:47:04 PM - [Bot] Loaded commands: reload
3:47:04 PM - [Bot] Loaded slash commands: None
3:47:04 PM - [Bot] Loaded slash commands subcommands: None
3:47:04 PM - [Bot] Loaded slash commands autocompletions: None
3:47:04 PM - [Bot] Loaded button interactions: None
3:47:04 PM - [Bot] Loaded menu interactions: None
3:47:04 PM - [Bot] Loaded modal interactions: None
3:47:04 PM - [Bot] Loaded client events: interactionCreate, messageCreate, ready
3:47:04 PM - [Bot] Loaded Discord API REST events: None
3:47:04 PM - [Bot] Loaded developers: justcarlux#0

3:47:05 PM - [Bot] Developer guild: Bot Development (ID: 817457130314661948)
3:47:05 PM - [Bot] Developer channels:
3:47:05 PM - [Bot] #dev-channel (ID: $)

3:47:05 PM - [Bot] Deshabilitado por el entorno: CommandsLogs, SlashCommandsLogs, ButtonInteractionLogs, MenuInteractionLogs, ModalInteractionLogs, SlashCommandsAutocompletionLogs
3:47:05 PM - [Bot] Habilitado por el entorno: Ninguno(a)

3:47:05 PM - [Bot] Iniciado satisfactoriamente en 1.5s como: Testing Bot#6891

3:47:16 PM - [Bot] Starting in Developer Mode...

3:47:16 PM - [Bot] Loaded commands: reload
3:47:16 PM - [Bot] Loaded slash commands: None
3:47:16 PM - [Bot] Loaded slash commands subcommands: None
3:47:16 PM - [Bot] Loaded slash commands autocompletions: None
3:47:16 PM - [Bot] Loaded button interactions: None
3:47:16 PM - [Bot] Loaded menu interactions: None
3:47:16 PM - [Bot] Loaded modal interactions: None
3:47:16 PM - [Bot] Loaded client events: interactionCreate, messageCreate, ready
3:47:16 PM - [Bot] Loaded Discord API REST events: None
3:47:17 PM - [Bot] Loaded developers: justcarlux#0

3:47:17 PM - [Bot] Developer guild: Bot Development (ID: 817457130314661948)
3:47:17 PM - [Bot] Developer channels:
3:47:17 PM - [Bot] #dev-channel (ID: 1060046328069115976)

3:47:18 PM - [Bot] Deshabilitado por el entorno: CommandsLogs, SlashCommandsLogs, ButtonInteractionLogs, MenuInteractionLogs, ModalInteractionLogs, SlashCommandsAutocompletionLogs
3:47:18 PM - [Bot] Habilitado por el entorno: Ninguno(a)

3:47:18 PM - [Bot] Iniciado satisfactoriamente en 1.9s como: Testing Bot#6891

4:33:44 PM - [Bot] Starting in Developer Mode...

4:33:44 PM - [Bot] Loaded commands: reload
4:33:44 PM - [Bot] Loaded slash commands: None
4:33:44 PM - [Bot] Loaded slash commands subcommands: None
4:33:44 PM - [Bot] Loaded slash commands autocompletions: None
4:33:44 PM - [Bot] Loaded button interactions: None
4:33:44 PM - [Bot] Loaded menu interactions: None
4:33:44 PM - [Bot] Loaded modal interactions: None
4:33:44 PM - [Bot] Loaded client events: interactionCreate, messageCreate, ready
4:33:44 PM - [Bot] Loaded Discord API REST events: None
4:33:44 PM - [Bot] Loaded developers: justcarlux#0

4:33:45 PM - [Bot] Developer guild: Bot Development (ID: 817457130314661948)
4:33:45 PM - [Bot] Developer channels:
4:33:45 PM - [Bot] #dev-channel (ID: 1060046328069115976)

4:33:45 PM - [Bot] Deshabilitado por el entorno: CommandsLogs, SlashCommandsLogs, ButtonInteractionLogs, MenuInteractionLogs, ModalInteractionLogs, SlashCommandsAutocompletionLogs
4:33:45 PM - [Bot] Habilitado por el entorno: Ninguno(a)

4:33:45 PM - [Bot] Iniciado satisfactoriamente en 1.6s como: Testing Bot#6891

[32m4:34:04 PM - [0m[32m[Bot] Starting in Developer Mode...[0m
[34m
[0m[34m4:34:04 PM - [0m[34m[Bot] Loaded commands: reload[0m
[34m4:34:04 PM - [0m[34m[Bot] Loaded slash commands: None[0m
[34m4:34:04 PM - [0m[34m[Bot] Loaded slash commands subcommands: None[0m
[34m4:34:04 PM - [0m[34m[Bot] Loaded slash commands autocompletions: None[0m
[34m4:34:04 PM - [0m[34m[Bot] Loaded button interactions: None[0m
[34m4:34:04 PM - [0m[34m[Bot] Loaded menu interactions: None[0m
[34m4:34:04 PM - [0m[34m[Bot] Loaded modal interactions: None[0m
[34m4:34:04 PM - [0m[34m[Bot] Loaded client events: interactionCreate, messageCreate, ready[0m
[34m4:34:04 PM - [0m[34m[Bot] Loaded Discord API REST events: None[0m
[34m4:34:04 PM - [0m[34m[Bot] Loaded developers: justcarlux#0[0m
[34m
[0m[34m4:34:05 PM - [0m[34m[Bot] Developer guild: Bot Development (ID: 817457130314661948)[0m
[34m4:34:05 PM - [0m[34m[Bot] Developer channels:[0m
[34m4:34:05 PM - [0m[34m[Bot] #dev-channel (ID: 1060046328069115976)[0m
[34m
[0m[34m4:34:05 PM - [0m[34m[Bot] Deshabilitado por el entorno: CommandsLogs, SlashCommandsLogs, ButtonInteractionLogs, MenuInteractionLogs, ModalInteractionLogs, SlashCommandsAutocompletionLogs[0m
[34m4:34:05 PM - [0m[34m[Bot] Habilitado por el entorno: Ninguno(a)[0m
[34m[0m
[32m4:34:05 PM - [0m[32m[Bot] Iniciado satisfactoriamente en 1.4s como: Testing Bot#6891[0m
[32m[0m
